1: O 1: started
2: O 2: started
3: O 3: started
4: O 4: started
5: O 5: started
6: O 6: started
7: O 7: started
8: O 8: started
9: O 9: started
10: O 10: started
11: O 11: started
12: O 6: going to queue
13: O 12: started
14: O 9: going to queue
15: O 13: started
16: O 14: started
17: O 15: started
18: O 11: going to queue
19: O 16: started
20: O 17: started
21: O 5: going to queue
22: O 18: started
23: O 19: started
24: O 18: going to queue
25: O 20: started
26: O 19: going to queue
27: O 21: started
28: O 22: started
29: O 23: started
30: O 24: started
31: O 20: going to queue
32: O 25: started
33: O 26: started
34: O 27: started
35: O 3: going to queue
36: O 21: going to queue
37: O 28: started
38: O 29: started
39: O 4: going to queue
40: O 13: going to queue
41: O 30: started
42: O 2: going to queue
43: O 31: started
44: O 22: going to queue
45: O 17: going to queue
46: O 32: started
47: O 1: going to queue
48: O 23: going to queue
49: O 29: going to queue
50: O 33: started
51: O 34: started
52: O 34: going to queue
53: O 35: started
54: O 36: started
55: O 27: going to queue
56: O 28: going to queue
57: O 37: started
58: O 38: started
59: O 14: going to queue
60: O 16: going to queue
61: O 12: going to queue
62: O 15: going to queue
63: O 24: going to queue
64: O 25: going to queue
65: O 26: going to queue
66: O 39: started
67: O 31: going to queue
68: O 32: going to queue
69: O 33: going to queue
70: O 35: going to queue
71: O 36: going to queue
72: O 7: going to queue
73: O 8: going to queue
74: O 10: going to queue
75: O 40: started
76: O 30: going to queue
77: O 41: started
78: O 42: started
79: O 43: started
80: O 44: started
81: O 45: started
82: O 46: started
83: O 47: started
84: O 46: going to queue
85: O 48: started
86: O 49: started
87: O 50: started
88: O 41: going to queue
89: O 51: started
90: O 45: going to queue
91: O 40: going to queue
92: O 52: started
93: O 53: started
94: O 54: started
95: O 55: started
96: O 56: started
97: O 57: started
98: O 58: started
99: O 53: going to queue
100: O 50: going to queue
101: O 42: going to queue
102: O 59: started
103: O 47: going to queue
104: O 57: going to queue
105: O 44: going to queue
106: O 60: started
107: O 48: going to queue
108: O 61: started
109: O 56: going to queue
110: O 62: started
111: O 63: started
112: O 38: going to queue
113: O 64: started
114: O 39: going to queue
115: O 37: going to queue
116: O 65: started
117: O 66: started
118: O 52: going to queue
119: O 67: started
120: O 68: started
121: O 43: going to queue
122: O 69: started
123: O 59: going to queue
124: O 70: started
125: O 49: going to queue
126: O 63: going to queue
127: O 71: started
128: O 58: going to queue
129: O 51: going to queue
130: O 72: started
131: O 73: started
132: O 74: started
133: O 66: going to queue
134: O 55: going to queue
135: O 75: started
136: O 76: started
137: O 54: going to queue
138: O 77: started
139: O 77: going to queue
140: O 75: going to queue
141: O 78: started
142: O 70: going to queue
143: O 62: going to queue
144: O 79: started
145: O 80: started
146: O 81: started
147: O 82: started
148: O 64: going to queue
149: O 69: going to queue
150: O 83: started
151: O 80: going to queue
152: O 84: started
153: O 71: going to queue
154: O 85: started
155: O 61: going to queue
156: O 86: started
157: O 73: going to queue
158: O 87: started
159: O 78: going to queue
160: O 88: started
161: O 86: going to queue
162: O 89: started
163: O 65: going to queue
164: O 79: going to queue
165: O 90: started
166: O 60: going to queue
167: O 91: started
168: O 68: going to queue
169: O 92: started
170: O 93: started
171: O 87: going to queue
172: O 94: started
173: O 95: started
174: O 96: started
175: O 97: started
176: O 67: going to queue
177: O 97: going to queue
178: O 98: started
179: O 74: going to queue
180: O 99: started
181: O 89: going to queue
182: O 100: started
183: O 85: going to queue
184: H 1: started
185: H 2: started
186: H 2: going to queue
187: H 2: creating molecule 1
188: H 3: started
189: H 4: started
190: H 5: started
191: O 72: going to queue
192: H 6: started
193: H 7: started
194: O 91: going to queue
195: H 8: started
196: O 81: going to queue
197: O 99: going to queue
198: H 9: started
199: O 94: going to queue
200: H 10: started
201: H 11: started
202: H 7: going to queue
203: H 7: creating molecule 1
204: O 6: creating molecule 1
205: H 12: started
206: H 5: going to queue
207: H 13: started
208: H 14: started
209: H 15: started
210: O 76: going to queue
211: O 82: going to queue
212: H 16: started
213: O 84: going to queue
214: O 6: molecule 1 created
215: H 2: molecule 1 created
216: H 7: molecule 1 created
217: H 17: started
218: H 5: creating molecule 2
219: H 18: started
220: H 19: started
221: H 20: started
222: O 83: going to queue
223: H 21: started
224: H 22: started
225: H 23: started
226: H 24: started
227: H 25: started
228: H 15: going to queue
229: O 93: going to queue
230: H 3: going to queue
231: H 15: creating molecule 2
232: H 17: going to queue
233: O 9: creating molecule 2
234: H 26: started
235: O 88: going to queue
236: H 27: started
237: O 90: going to queue
238: H 28: started
239: H 29: started
240: H 30: started
241: H 12: going to queue
242: O 98: going to queue
243: H 23: going to queue
244: H 31: started
245: H 16: going to queue
246: H 32: started
247: H 21: going to queue
248: O 92: going to queue
249: O 96: going to queue
250: H 20: going to queue
251: O 95: going to queue
252: H 34: started
253: H 4: going to queue
254: H 1: going to queue
255: H 33: started
256: H 30: going to queue
257: H 35: started
258: H 10: going to queue
259: H 36: started
260: H 37: started
261: H 38: started
262: O 100: going to queue
263: H 39: started
264: H 24: going to queue
265: H 40: started
266: H 41: started
267: H 8: going to queue
268: H 42: started
269: H 43: started
270: H 44: started
271: H 45: started
272: H 13: going to queue
273: H 19: going to queue
274: H 46: started
275: H 47: started
276: H 48: started
277: H 42: going to queue
278: H 14: going to queue
279: O 9: molecule 2 created
280: H 5: molecule 2 created
281: H 22: going to queue
282: H 28: going to queue
283: H 43: going to queue
284: H 18: going to queue
285: H 40: going to queue
286: H 51: started
287: H 6: going to queue
288: H 15: molecule 2 created
289: H 49: started
290: H 11: going to queue
291: H 17: creating molecule 3
292: H 50: started
293: H 52: started
294: H 3: creating molecule 3
295: H 9: going to queue
296: H 44: going to queue
297: O 11: creating molecule 3
298: H 53: started
299: H 29: going to queue
300: H 26: going to queue
301: H 54: started
302: H 55: started
303: H 35: going to queue
304: H 56: started
305: H 51: going to queue
306: H 57: started
307: H 27: going to queue
308: H 58: started
309: H 59: started
310: H 60: started
311: H 61: started
312: H 62: started
313: H 32: going to queue
314: H 36: going to queue
315: H 63: started
316: H 46: going to queue
317: H 34: going to queue
318: H 64: started
319: H 38: going to queue
320: H 41: going to queue
321: H 65: started
322: H 60: going to queue
323: H 39: going to queue
324: H 33: going to queue
325: O 11: molecule 3 created
326: H 3: molecule 3 created
327: H 17: molecule 3 created
328: H 66: started
329: H 12: creating molecule 4
330: H 23: creating molecule 4
331: O 5: creating molecule 4
332: H 67: started
333: H 31: going to queue
334: H 68: started
335: H 25: going to queue
336: H 56: going to queue
337: H 69: started
338: H 65: going to queue
339: H 70: started
340: H 66: going to queue
341: H 37: going to queue
342: H 54: going to queue
343: H 71: started
344: H 72: started
345: H 55: going to queue
346: H 59: going to queue
347: H 63: going to queue
348: H 73: started
349: H 74: started
350: H 68: going to queue
351: H 71: going to queue
352: H 47: going to queue
353: H 69: going to queue
354: H 75: started
355: H 76: started
356: H 45: going to queue
357: H 50: going to queue
358: H 53: going to queue
359: H 77: started
360: H 48: going to queue
361: H 78: started
362: H 52: going to queue
363: H 79: started
364: H 67: going to queue
365: H 49: going to queue
366: H 80: started
367: H 61: going to queue
368: H 81: started
369: H 82: started
370: H 57: going to queue
371: H 73: going to queue
372: H 58: going to queue
373: H 83: started
374: H 84: started
375: H 72: going to queue
376: H 85: started
377: H 62: going to queue
378: H 86: started
379: H 87: started
380: H 12: molecule 4 created
381: H 23: molecule 4 created
382: O 5: molecule 4 created
383: H 16: creating molecule 5
384: H 21: creating molecule 5
385: H 88: started
386: O 18: creating molecule 5
387: H 64: going to queue
388: H 89: started
389: H 74: going to queue
390: H 90: started
391: H 89: going to queue
392: H 91: started
393: H 78: going to queue
394: H 92: started
395: H 93: started
396: H 94: started
397: H 70: going to queue
398: H 85: going to queue
399: H 95: started
400: H 96: started
401: H 97: started
402: H 98: started
403: H 84: going to queue
404: H 99: started
405: H 100: started
406: H 82: going to queue
407: H 96: going to queue
408: H 91: going to queue
409: H 98: going to queue
410: H 80: going to queue
411: H 99: going to queue
412: H 76: going to queue
413: H 16: molecule 5 created
414: H 21: molecule 5 created
415: O 18: molecule 5 created
416: H 20: creating molecule 6
417: H 4: creating molecule 6
418: O 19: creating molecule 6
419: H 75: going to queue
420: H 77: going to queue
421: H 81: going to queue
422: H 79: going to queue
423: H 88: going to queue
424: H 100: going to queue
425: H 92: going to queue
426: H 86: going to queue
427: H 87: going to queue
428: H 83: going to queue
429: H 94: going to queue
430: H 93: going to queue
431: H 95: going to queue
432: H 90: going to queue
433: H 20: molecule 6 created
434: H 4: molecule 6 created
435: O 19: molecule 6 created
436: H 1: creating molecule 7
437: H 30: creating molecule 7
438: O 20: creating molecule 7
439: H 97: going to queue
440: H 1: molecule 7 created
441: H 30: molecule 7 created
442: O 20: molecule 7 created
443: H 10: creating molecule 8
444: H 24: creating molecule 8
445: O 3: creating molecule 8
446: H 10: molecule 8 created
447: H 24: molecule 8 created
448: O 3: molecule 8 created
449: H 8: creating molecule 9
450: H 13: creating molecule 9
451: O 21: creating molecule 9
452: H 8: molecule 9 created
453: O 21: molecule 9 created
454: H 13: molecule 9 created
455: H 19: creating molecule 10
456: H 42: creating molecule 10
457: O 4: creating molecule 10
458: H 19: molecule 10 created
459: O 4: molecule 10 created
460: H 42: molecule 10 created
461: H 14: creating molecule 11
462: H 22: creating molecule 11
463: O 13: creating molecule 11
464: H 14: molecule 11 created
465: H 22: molecule 11 created
466: O 13: molecule 11 created
467: H 28: creating molecule 12
468: H 43: creating molecule 12
469: O 2: creating molecule 12
470: H 28: molecule 12 created
471: H 43: molecule 12 created
472: O 2: molecule 12 created
473: H 18: creating molecule 13
474: H 40: creating molecule 13
475: O 22: creating molecule 13
476: H 18: molecule 13 created
477: H 40: molecule 13 created
478: O 22: molecule 13 created
479: H 6: creating molecule 14
480: H 11: creating molecule 14
481: O 17: creating molecule 14
482: H 6: molecule 14 created
483: H 11: molecule 14 created
484: O 17: molecule 14 created
485: H 9: creating molecule 15
486: H 44: creating molecule 15
487: O 1: creating molecule 15
488: H 9: molecule 15 created
489: H 44: molecule 15 created
490: O 1: molecule 15 created
491: H 29: creating molecule 16
492: H 26: creating molecule 16
493: O 23: creating molecule 16
494: H 29: molecule 16 created
495: H 26: molecule 16 created
496: O 23: molecule 16 created
497: H 35: creating molecule 17
498: H 51: creating molecule 17
499: O 29: creating molecule 17
500: H 35: molecule 17 created
501: H 51: molecule 17 created
502: O 29: molecule 17 created
503: H 27: creating molecule 18
504: H 32: creating molecule 18
505: O 34: creating molecule 18
506: H 27: molecule 18 created
507: H 32: molecule 18 created
508: O 34: molecule 18 created
509: H 36: creating molecule 19
510: H 46: creating molecule 19
511: O 27: creating molecule 19
512: H 36: molecule 19 created
513: O 27: molecule 19 created
514: H 46: molecule 19 created
515: H 34: creating molecule 20
516: H 38: creating molecule 20
517: O 28: creating molecule 20
518: H 34: molecule 20 created
519: H 38: molecule 20 created
520: O 28: molecule 20 created
521: H 41: creating molecule 21
522: H 60: creating molecule 21
523: O 14: creating molecule 21
524: H 41: molecule 21 created
525: H 60: molecule 21 created
526: O 14: molecule 21 created
527: H 39: creating molecule 22
528: H 33: creating molecule 22
529: O 16: creating molecule 22
530: H 39: molecule 22 created
531: H 33: molecule 22 created
532: O 16: molecule 22 created
533: H 31: creating molecule 23
534: H 25: creating molecule 23
535: O 12: creating molecule 23
536: H 25: molecule 23 created
537: H 31: molecule 23 created
538: O 12: molecule 23 created
539: H 56: creating molecule 24
540: H 65: creating molecule 24
541: O 15: creating molecule 24
542: H 56: molecule 24 created
543: H 65: molecule 24 created
544: O 15: molecule 24 created
545: H 66: creating molecule 25
546: H 37: creating molecule 25
547: O 24: creating molecule 25
548: H 66: molecule 25 created
549: O 24: molecule 25 created
550: H 37: molecule 25 created
551: H 54: creating molecule 26
552: H 55: creating molecule 26
553: O 25: creating molecule 26
554: H 54: molecule 26 created
555: O 25: molecule 26 created
556: H 55: molecule 26 created
557: H 59: creating molecule 27
558: H 63: creating molecule 27
559: O 26: creating molecule 27
560: H 59: molecule 27 created
561: H 63: molecule 27 created
562: O 26: molecule 27 created
563: H 68: creating molecule 28
564: H 71: creating molecule 28
565: O 31: creating molecule 28
566: H 68: molecule 28 created
567: H 71: molecule 28 created
568: O 31: molecule 28 created
569: H 47: creating molecule 29
570: H 69: creating molecule 29
571: O 32: creating molecule 29
572: H 47: molecule 29 created
573: H 69: molecule 29 created
574: O 32: molecule 29 created
575: H 45: creating molecule 30
576: H 50: creating molecule 30
577: O 33: creating molecule 30
578: H 45: molecule 30 created
579: O 33: molecule 30 created
580: H 50: molecule 30 created
581: H 53: creating molecule 31
582: H 48: creating molecule 31
583: O 35: creating molecule 31
584: H 53: molecule 31 created
585: H 48: molecule 31 created
586: O 35: molecule 31 created
587: H 52: creating molecule 32
588: H 67: creating molecule 32
589: O 36: creating molecule 32
590: H 52: molecule 32 created
591: H 67: molecule 32 created
592: O 36: molecule 32 created
593: H 49: creating molecule 33
594: H 61: creating molecule 33
595: O 7: creating molecule 33
596: H 49: molecule 33 created
597: O 7: molecule 33 created
598: H 61: molecule 33 created
599: H 57: creating molecule 34
600: H 73: creating molecule 34
601: O 8: creating molecule 34
602: O 8: molecule 34 created
603: H 57: molecule 34 created
604: H 73: molecule 34 created
605: H 58: creating molecule 35
606: H 72: creating molecule 35
607: O 10: creating molecule 35
608: H 58: molecule 35 created
609: O 10: molecule 35 created
610: H 72: molecule 35 created
611: H 62: creating molecule 36
612: H 64: creating molecule 36
613: O 30: creating molecule 36
614: H 62: molecule 36 created
615: H 64: molecule 36 created
616: O 30: molecule 36 created
617: H 74: creating molecule 37
618: H 89: creating molecule 37
619: O 46: creating molecule 37
620: H 74: molecule 37 created
621: O 46: molecule 37 created
622: H 89: molecule 37 created
623: H 78: creating molecule 38
624: H 70: creating molecule 38
625: O 41: creating molecule 38
626: H 78: molecule 38 created
627: H 70: molecule 38 created
628: O 41: molecule 38 created
629: H 85: creating molecule 39
630: H 84: creating molecule 39
631: O 45: creating molecule 39
632: H 85: molecule 39 created
633: O 45: molecule 39 created
634: H 84: molecule 39 created
635: H 82: creating molecule 40
636: H 96: creating molecule 40
637: O 40: creating molecule 40
638: H 82: molecule 40 created
639: O 40: molecule 40 created
640: H 96: molecule 40 created
641: H 91: creating molecule 41
642: H 98: creating molecule 41
643: O 53: creating molecule 41
644: H 91: molecule 41 created
645: O 53: molecule 41 created
646: H 98: molecule 41 created
647: H 80: creating molecule 42
648: H 99: creating molecule 42
649: O 50: creating molecule 42
650: H 80: molecule 42 created
651: H 99: molecule 42 created
652: O 50: molecule 42 created
653: H 76: creating molecule 43
654: H 75: creating molecule 43
655: O 42: creating molecule 43
656: H 76: molecule 43 created
657: O 42: molecule 43 created
658: H 75: molecule 43 created
659: H 77: creating molecule 44
660: H 81: creating molecule 44
661: O 47: creating molecule 44
662: H 77: molecule 44 created
663: H 81: molecule 44 created
664: O 47: molecule 44 created
665: H 79: creating molecule 45
666: H 88: creating molecule 45
667: O 57: creating molecule 45
668: H 79: molecule 45 created
669: H 88: molecule 45 created
670: O 57: molecule 45 created
671: H 100: creating molecule 46
672: H 92: creating molecule 46
673: O 44: creating molecule 46
674: H 100: molecule 46 created
675: O 44: molecule 46 created
676: H 92: molecule 46 created
677: H 86: creating molecule 47
678: H 87: creating molecule 47
679: O 48: creating molecule 47
680: O 48: molecule 47 created
681: H 86: molecule 47 created
682: H 87: molecule 47 created
683: H 83: creating molecule 48
684: H 94: creating molecule 48
685: O 56: creating molecule 48
686: H 83: molecule 48 created
687: O 56: molecule 48 created
688: H 94: molecule 48 created
689: H 93: creating molecule 49
690: H 95: creating molecule 49
691: O 38: creating molecule 49
692: H 93: molecule 49 created
693: H 95: molecule 49 created
694: O 38: molecule 49 created
695: H 90: creating molecule 50
696: H 97: creating molecule 50
697: O 39: creating molecule 50
698: H 90: molecule 50 created
699: O 39: molecule 50 created
700: O 37: not enough H
701: O 43: not enough H
702: O 59: not enough H
703: O 49: not enough H
704: O 63: not enough H
705: O 52: not enough H
706: O 58: not enough H
707: O 55: not enough H
708: H 97: molecule 50 created
709: O 75: not enough H
710: O 54: not enough H
711: O 69: not enough H
712: O 71: not enough H
713: O 73: not enough H
714: O 86: not enough H
715: O 60: not enough H
716: O 87: not enough H
717: O 97: not enough H
718: O 85: not enough H
719: O 91: not enough H
720: O 94: not enough H
721: O 82: not enough H
722: O 83: not enough H
723: O 88: not enough H
724: O 66: not enough H
725: O 92: not enough H
726: O 100: not enough H
727: O 67: not enough H
728: O 68: not enough H
729: O 70: not enough H
730: O 74: not enough H
731: O 89: not enough H
732: O 51: not enough H
733: O 72: not enough H
734: O 80: not enough H
735: O 81: not enough H
736: O 99: not enough H
737: O 61: not enough H
738: O 76: not enough H
739: O 77: not enough H
740: O 62: not enough H
741: O 84: not enough H
742: O 93: not enough H
743: O 65: not enough H
744: O 90: not enough H
745: O 78: not enough H
746: O 98: not enough H
747: O 95: not enough H
748: O 96: not enough H
749: O 79: not enough H
750: O 64: not enough H
